<?xml version="1.0" encoding="UTF-8"?>
<!-- Generated by org.testng.reporters.JUnitXMLReporter -->
<testsuite ignored="0" hostname="Keerthi" failures="1" tests="1" name="LoginTest" time="5.823" errors="0" timestamp="2026-03-07T21:58:35 IST">
  <testcase classname="tests.LoginTest" name="testValidLogin" time="1.075">
    <failure type="java.lang.AssertionError" message="expected [nopCommerce demo store. Login] but found [Just a moment...]">
      <![CDATA[java.lang.AssertionError: expected [nopCommerce demo store. Login] but found [Just a moment...]
at tests.LoginTest.testValidLogin(LoginTest.java:19)
at java.base/java.util.ArrayList.forEach(ArrayList.java:1596)
... Removed 31 stack frames]]>
    </failure>
  </testcase> <!-- testValidLogin -->
</testsuite> <!-- LoginTest -->
